0 info it worked if it ends with ok
1 verbose cli [ 'C:\\Users\\tliu\\Data\\SoftWare_T\\nodejs\\\\node.exe',
1 verbose cli   'C:\\Users\\tliu\\Data\\SoftWare_T\\nodejs\\node_modules\\npm\\bin\\npm-cli.js',
1 verbose cli   'install',
1 verbose cli   'selenium-webdriver' ]
2 info using npm@2.5.1
3 info using node@v0.12.0
4 verbose node symlink C:\Users\tliu\Data\SoftWare_T\nodejs\\node.exe
5 verbose config Skipping project config: C:\Users\tliu/.npmrc. (matches userconfig)
6 silly cache add args [ 'selenium-webdriver', null ]
7 verbose cache add spec selenium-webdriver
8 silly cache add parsed spec { raw: 'selenium-webdriver',
8 silly cache add   scope: null,
8 silly cache add   name: 'selenium-webdriver',
8 silly cache add   rawSpec: '',
8 silly cache add   spec: '*',
8 silly cache add   type: 'range' }
9 verbose addNamed selenium-webdriver@*
10 silly addNamed semver.valid null
11 silly addNamed semver.validRange *
12 silly addNameRange { name: 'selenium-webdriver', range: '*', hasData: false }
13 silly mapToRegistry name selenium-webdriver
14 silly mapToRegistry using default registry
15 silly mapToRegistry registry https://registry.npmjs.org/
16 silly mapToRegistry uri https://registry.npmjs.org/selenium-webdriver
17 verbose addNameRange registry:https://registry.npmjs.org/selenium-webdriver not in flight; fetching
18 verbose request uri https://registry.npmjs.org/selenium-webdriver
19 verbose request no auth needed
20 info attempt registry request try #1 at 1:43:41 PM
21 verbose request id 61cdfc1034b90805
22 verbose etag "7LW0P3M87VNY5SJZOT9FOE1XE"
23 http request GET https://registry.npmjs.org/selenium-webdriver
24 http 304 https://registry.npmjs.org/selenium-webdriver
25 silly get cb [ 304,
25 silly get   { date: 'Fri, 22 May 2015 05:43:42 GMT',
25 silly get     via: '1.1 varnish',
25 silly get     'cache-control': 'max-age=60',
25 silly get     etag: '"7LW0P3M87VNY5SJZOT9FOE1XE"',
25 silly get     age: '0',
25 silly get     connection: 'keep-alive',
25 silly get     'x-served-by': 'cache-nrt6124-NRT',
25 silly get     'x-cache': 'HIT',
25 silly get     'x-cache-hits': '1',
25 silly get     'x-timer': 'S1432273422.303969,VS0,VE182',
25 silly get     vary: 'Accept' } ]
26 verbose etag https://registry.npmjs.org/selenium-webdriver from cache
27 verbose get saving selenium-webdriver to C:\Users\tliu\AppData\Roaming\npm-cache\registry.npmjs.org\selenium-webdriver\.cache.json
28 silly addNameRange number 2 { name: 'selenium-webdriver', range: '*', hasData: true }
29 silly addNameRange versions [ 'selenium-webdriver',
29 silly addNameRange   [ '2.29.0',
29 silly addNameRange     '2.29.1',
29 silly addNameRange     '2.30.0',
29 silly addNameRange     '2.31.0',
29 silly addNameRange     '2.32.0',
29 silly addNameRange     '2.32.1',
29 silly addNameRange     '2.33.0',
29 silly addNameRange     '2.34.0',
29 silly addNameRange     '2.34.1',
29 silly addNameRange     '2.35.0',
29 silly addNameRange     '2.35.1',
29 silly addNameRange     '2.35.2',
29 silly addNameRange     '2.37.0',
29 silly addNameRange     '2.38.0',
29 silly addNameRange     '2.38.1',
29 silly addNameRange     '2.39.0',
29 silly addNameRange     '2.40.0',
29 silly addNameRange     '2.41.0',
29 silly addNameRange     '2.42.0',
29 silly addNameRange     '2.42.1',
29 silly addNameRange     '2.43.1',
29 silly addNameRange     '2.43.2',
29 silly addNameRange     '2.43.3',
29 silly addNameRange     '2.43.4',
29 silly addNameRange     '2.43.5',
29 silly addNameRange     '2.44.0',
29 silly addNameRange     '2.45.0',
29 silly addNameRange     '2.45.1' ] ]
30 verbose addNamed selenium-webdriver@2.45.1
31 silly addNamed semver.valid 2.45.1
32 silly addNamed semver.validRange 2.45.1
33 silly cache afterAdd selenium-webdriver@2.45.1
34 verbose afterAdd C:\Users\tliu\AppData\Roaming\npm-cache\selenium-webdriver\2.45.1\package\package.json not in flight; writing
35 verbose afterAdd C:\Users\tliu\AppData\Roaming\npm-cache\selenium-webdriver\2.45.1\package\package.json written
36 silly install resolved [ { name: 'selenium-webdriver',
36 silly install resolved     version: '2.45.1',
36 silly install resolved     description: 'The official WebDriver JavaScript bindings from the Selenium project',
36 silly install resolved     keywords: [ 'automation', 'selenium', 'testing', 'webdriver', 'webdriverjs' ],
36 silly install resolved     homepage: 'https://code.google.com/p/selenium/',
36 silly install resolved     bugs: { url: 'https://code.google.com/p/selenium/issues/list' },
36 silly install resolved     main: './index',
36 silly install resolved     repository: { type: 'git', url: 'https://code.google.com/p/selenium/' },
36 silly install resolved     engines: { node: '>= 0.10.x' },
36 silly install resolved     dependencies:
36 silly install resolved      { 'adm-zip': '0.4.4',
36 silly install resolved        rimraf: '^2.2.8',
36 silly install resolved        tmp: '0.0.24',
36 silly install resolved        ws: '^0.7.1',
36 silly install resolved        xml2js: '0.4.4' },
36 silly install resolved     devDependencies:
36 silly install resolved      { express: '^4.11.2',
36 silly install resolved        mocha: '>= 1.21.x',
36 silly install resolved        multer: '^0.1.7',
36 silly install resolved        'promises-aplus-tests': '^2.1.0',
36 silly install resolved        'serve-index': '^1.6.1' },
36 silly install resolved     scripts: { test: 'mocha --harmony -t 600000 --recursive test' },
36 silly install resolved     _id: 'selenium-webdriver@2.45.1',
36 silly install resolved     _shasum: '6fc6a8ce385085a7b670edd36a379b2eddadf2c9',
36 silly install resolved     _from: 'selenium-webdriver@*',
36 silly install resolved     _npmVersion: '2.5.1',
36 silly install resolved     _nodeVersion: '0.12.0',
36 silly install resolved     _npmUser: { name: 'jmleyba', email: 'jmleyba@gmail.com' },
36 silly install resolved     maintainers: [ [Object] ],
36 silly install resolved     dist:
36 silly install resolved      { shasum: '6fc6a8ce385085a7b670edd36a379b2eddadf2c9',
36 silly install resolved        tarball: 'http://registry.npmjs.org/selenium-webdriver/-/selenium-webdriver-2.45.1.tgz' },
36 silly install resolved     directories: {},
36 silly install resolved     _resolved: 'https://registry.npmjs.org/selenium-webdriver/-/selenium-webdriver-2.45.1.tgz',
36 silly install resolved     readme: 'ERROR: No README data found!' } ]
37 info install selenium-webdriver@2.45.1 into C:\Users\tliu
38 info installOne selenium-webdriver@2.45.1
39 verbose installOne of selenium-webdriver to C:\Users\tliu not in flight; installing
40 verbose lock using C:\Users\tliu\AppData\Roaming\npm-cache\_locks\selenium-webdriver-6b571c782d737c57.lock for C:\Users\tliu\node_modules\selenium-webdriver
41 silly install write writing selenium-webdriver 2.45.1 to C:\Users\tliu\node_modules\selenium-webdriver
42 silly cache addNamed cb selenium-webdriver@2.45.1
43 verbose unbuild node_modules\selenium-webdriver
44 verbose gentlyRm vacuuming C:\Users\tliu\node_modules\selenium-webdriver
45 silly gentlyRm Error: EPERM, lstat 'C:\Users\tliu\node_modules\selenium-webdriver'
45 silly gentlyRm     at Error (native)
46 verbose unlock done using C:\Users\tliu\AppData\Roaming\npm-cache\_locks\selenium-webdriver-6b571c782d737c57.lock for C:\Users\tliu\node_modules\selenium-webdriver
47 verbose stack Error: EPERM, lstat 'C:\Users\tliu\node_modules\selenium-webdriver'
47 verbose stack     at Error (native)
48 verbose cwd C:\Users\tliu\Data\GitHub\zZZzzZZzz\Python\python_exercise\selenium\switchWindowHandle
49 error Windows_NT 6.1.7601
50 error argv "C:\\Users\\tliu\\Data\\SoftWare_T\\nodejs\\\\node.exe" "C:\\Users\\tliu\\Data\\SoftWare_T\\nodejs\\node_modules\\npm\\bin\\npm-cli.js" "install" "selenium-webdriver"
51 error node v0.12.0
52 error npm  v2.5.1
53 error path C:\Users\tliu\node_modules\selenium-webdriver
54 error code EPERM
55 error errno -4048
56 error Error: EPERM, lstat 'C:\Users\tliu\node_modules\selenium-webdriver'
56 error     at Error (native)
56 error  { [Error: EPERM, lstat 'C:\Users\tliu\node_modules\selenium-webdriver']
56 error   errno: -4048,
56 error   code: 'EPERM',
56 error   path: 'C:\\Users\\tliu\\node_modules\\selenium-webdriver' }
57 error Please try running this command again as root/Administrator.
58 verbose exit [ -4048, true ]
59 verbose unbuild node_modules\selenium-webdriver
60 verbose gentlyRm vacuuming C:\Users\tliu\node_modules\selenium-webdriver
61 silly gentlyRm Error: EPERM, lstat 'C:\Users\tliu\node_modules\selenium-webdriver'
61 silly gentlyRm     at Error (native)
62 error error rolling back Error: EPERM, lstat 'C:\Users\tliu\node_modules\selenium-webdriver'
62 error error rolling back     at Error (native)
62 error error rolling back  { [Error: EPERM, lstat 'C:\Users\tliu\node_modules\selenium-webdriver']
62 error error rolling back   errno: -4048,
62 error error rolling back   code: 'EPERM',
62 error error rolling back   path: 'C:\\Users\\tliu\\node_modules\\selenium-webdriver' }
